{"context":"NestFactory","level":"info","message":"Starting Nest application...","timestamp":"2026-02-20T15:36:00.398Z"}
{"context":"InstanceLoader","level":"info","message":"AppModule dependencies initialized","timestamp":"2026-02-20T15:36:00.399Z"}
{"context":"InstanceLoader","level":"info","message":"PrismaModule dependencies initialized","timestamp":"2026-02-20T15:36:00.399Z"}
{"context":"InstanceLoader","level":"info","message":"PassportModule dependencies initialized","timestamp":"2026-02-20T15:36:00.399Z"}
{"context":"InstanceLoader","level":"info","message":"AppointmentsModule dependencies initialized","timestamp":"2026-02-20T15:36:00.399Z"}
{"context":"InstanceLoader","level":"info","message":"PrescriptionsModule dependencies initialized","timestamp":"2026-02-20T15:36:00.400Z"}
{"context":"InstanceLoader","level":"info","message":"LabResultsModule dependencies initialized","timestamp":"2026-02-20T15:36:00.400Z"}
{"context":"InstanceLoader","level":"info","message":"InsuranceModule dependencies initialized","timestamp":"2026-02-20T15:36:00.401Z"}
{"context":"InstanceLoader","level":"info","message":"PaymentsModule dependencies initialized","timestamp":"2026-02-20T15:36:00.401Z"}
{"context":"InstanceLoader","level":"info","message":"NotificationsModule dependencies initialized","timestamp":"2026-02-20T15:36:00.401Z"}
{"context":"InstanceLoader","level":"info","message":"ThrottlerModule dependencies initialized","timestamp":"2026-02-20T15:36:00.401Z"}
{"context":"InstanceLoader","level":"info","message":"ConfigHostModule dependencies initialized","timestamp":"2026-02-20T15:36:00.402Z"}
{"context":"InstanceLoader","level":"info","message":"WinstonModule dependencies initialized","timestamp":"2026-02-20T15:36:00.402Z"}
{"context":"InstanceLoader","level":"info","message":"AuditModule dependencies initialized","timestamp":"2026-02-20T15:36:00.402Z"}
{"context":"InstanceLoader","level":"info","message":"DiscoveryModule dependencies initialized","timestamp":"2026-02-20T15:36:00.402Z"}
{"context":"InstanceLoader","level":"info","message":"ConfigModule dependencies initialized","timestamp":"2026-02-20T15:36:00.402Z"}
{"context":"InstanceLoader","level":"info","message":"ConfigModule dependencies initialized","timestamp":"2026-02-20T15:36:00.402Z"}
{"context":"InstanceLoader","level":"info","message":"ScheduleModule dependencies initialized","timestamp":"2026-02-20T15:36:00.402Z"}
{"context":"S3Service","level":"info","message":"S3 Service initialized","timestamp":"2026-02-20T15:36:00.403Z"}
{"context":"InstanceLoader","level":"info","message":"RedisModule dependencies initialized","timestamp":"2026-02-20T15:36:00.403Z"}
{"context":"InstanceLoader","level":"info","message":"EncryptionModule dependencies initialized","timestamp":"2026-02-20T15:36:00.403Z"}
{"context":"InstanceLoader","level":"info","message":"JwtModule dependencies initialized","timestamp":"2026-02-20T15:36:00.403Z"}
{"context":"InstanceLoader","level":"info","message":"UsersModule dependencies initialized","timestamp":"2026-02-20T15:36:00.403Z"}
{"context":"InstanceLoader","level":"info","message":"DoctorsModule dependencies initialized","timestamp":"2026-02-20T15:36:00.403Z"}
{"context":"InstanceLoader","level":"info","message":"PatientsModule dependencies initialized","timestamp":"2026-02-20T15:36:00.403Z"}
{"context":"InstanceLoader","level":"info","message":"S3Module dependencies initialized","timestamp":"2026-02-20T15:36:00.403Z"}
{"context":"InstanceLoader","level":"info","message":"AuthModule dependencies initialized","timestamp":"2026-02-20T15:36:00.404Z"}
{"context":"RoutesResolver","level":"info","message":"UploadController {/api/v1/upload} (version: 1):","timestamp":"2026-02-20T15:36:00.404Z"}
{"context":"RouterExplorer","level":"info","message":"Mapped {/api/v1/upload/single, POST} (version: 1) route","timestamp":"2026-02-20T15:36:00.404Z"}
{"context":"RouterExplorer","level":"info","message":"Mapped {/api/v1/upload/multiple, POST} (version: 1) route","timestamp":"2026-02-20T15:36:00.404Z"}
{"context":"RoutesResolver","level":"info","message":"AuthController {/api/v1/auth} (version: 1):","timestamp":"2026-02-20T15:36:00.404Z"}
{"context":"RouterExplorer","level":"info","message":"Mapped {/api/v1/auth/register, POST} (version: 1) route","timestamp":"2026-02-20T15:36:00.404Z"}
{"context":"RouterExplorer","level":"info","message":"Mapped {/api/v1/auth/login, POST} (version: 1) route","timestamp":"2026-02-20T15:36:00.404Z"}
{"context":"RouterExplorer","level":"info","message":"Mapped {/api/v1/auth/logout, POST} (version: 1) route","timestamp":"2026-02-20T15:36:00.404Z"}
{"context":"RouterExplorer","level":"info","message":"Mapped {/api/v1/auth/refresh, POST} (version: 1) route","timestamp":"2026-02-20T15:36:00.404Z"}
{"context":"RouterExplorer","level":"info","message":"Mapped {/api/v1/auth/change-password, POST} (version: 1) route","timestamp":"2026-02-20T15:36:00.405Z"}
{"context":"RouterExplorer","level":"info","message":"Mapped {/api/v1/auth/me, GET} (version: 1) route","timestamp":"2026-02-20T15:36:00.405Z"}
{"context":"RouterExplorer","level":"info","message":"Mapped {/api/v1/auth/assign-role, POST} (version: 1) route","timestamp":"2026-02-20T15:36:00.405Z"}
{"context":"RouterExplorer","level":"info","message":"Mapped {/api/v1/auth/create-user, POST} (version: 1) route","timestamp":"2026-02-20T15:36:00.405Z"}
{"context":"RoutesResolver","level":"info","message":"UsersController {/api/v1/users} (version: 1):","timestamp":"2026-02-20T15:36:00.405Z"}
{"context":"RouterExplorer","level":"info","message":"Mapped {/api/v1/users, GET} (version: 1) route","timestamp":"2026-02-20T15:36:00.405Z"}
{"context":"RouterExplorer","level":"info","message":"Mapped {/api/v1/users/doctors, GET} (version: 1) route","timestamp":"2026-02-20T15:36:00.405Z"}
{"context":"RouterExplorer","level":"info","message":"Mapped {/api/v1/users/:id, GET} (version: 1) route","timestamp":"2026-02-20T15:36:00.405Z"}
{"context":"RouterExplorer","level":"info","message":"Mapped {/api/v1/users/profile, PATCH} (version: 1) route","timestamp":"2026-02-20T15:36:00.405Z"}
{"context":"RoutesResolver","level":"info","message":"PatientsController {/api/v1/patients} (version: 1):","timestamp":"2026-02-20T15:36:00.406Z"}
{"context":"RouterExplorer","level":"info","message":"Mapped {/api/v1/patients/:id, GET} (version: 1) route","timestamp":"2026-02-20T15:36:00.406Z"}
{"context":"RoutesResolver","level":"info","message":"DoctorsController {/api/v1/doctors} (version: 1):","timestamp":"2026-02-20T15:36:00.406Z"}
{"context":"RouterExplorer","level":"info","message":"Mapped {/api/v1/doctors/:id/availability, GET} (version: 1) route","timestamp":"2026-02-20T15:36:00.406Z"}
{"context":"RouterExplorer","level":"info","message":"Mapped {/api/v1/doctors/:id/availability, POST} (version: 1) route","timestamp":"2026-02-20T15:36:00.406Z"}
{"context":"RedisService","level":"info","message":"✅ Redis connected successfully","timestamp":"2026-02-20T15:36:00.406Z"}
{"context":"PrismaService","level":"info","message":"✅ Database connected successfully","timestamp":"2026-02-20T15:36:00.407Z"}
{"context":"NestApplication","level":"info","message":"Nest application successfully started","timestamp":"2026-02-20T15:36:00.407Z"}
{"context":"NestFactory","level":"info","message":"Starting Nest application...","timestamp":"2026-02-20T15:37:25.523Z"}
{"context":"InstanceLoader","level":"info","message":"AppModule dependencies initialized","timestamp":"2026-02-20T15:37:25.524Z"}
{"context":"InstanceLoader","level":"info","message":"PrismaModule dependencies initialized","timestamp":"2026-02-20T15:37:25.524Z"}
{"context":"InstanceLoader","level":"info","message":"PassportModule dependencies initialized","timestamp":"2026-02-20T15:37:25.524Z"}
{"context":"InstanceLoader","level":"info","message":"AppointmentsModule dependencies initialized","timestamp":"2026-02-20T15:37:25.525Z"}
{"context":"InstanceLoader","level":"info","message":"PrescriptionsModule dependencies initialized","timestamp":"2026-02-20T15:37:25.525Z"}
{"context":"InstanceLoader","level":"info","message":"LabResultsModule dependencies initialized","timestamp":"2026-02-20T15:37:25.525Z"}
{"context":"InstanceLoader","level":"info","message":"InsuranceModule dependencies initialized","timestamp":"2026-02-20T15:37:25.525Z"}
{"context":"InstanceLoader","level":"info","message":"PaymentsModule dependencies initialized","timestamp":"2026-02-20T15:37:25.525Z"}
{"context":"InstanceLoader","level":"info","message":"NotificationsModule dependencies initialized","timestamp":"2026-02-20T15:37:25.525Z"}
{"context":"InstanceLoader","level":"info","message":"ThrottlerModule dependencies initialized","timestamp":"2026-02-20T15:37:25.526Z"}
{"context":"InstanceLoader","level":"info","message":"ConfigHostModule dependencies initialized","timestamp":"2026-02-20T15:37:25.526Z"}
{"context":"InstanceLoader","level":"info","message":"WinstonModule dependencies initialized","timestamp":"2026-02-20T15:37:25.526Z"}
{"context":"InstanceLoader","level":"info","message":"AuditModule dependencies initialized","timestamp":"2026-02-20T15:37:25.526Z"}
{"context":"InstanceLoader","level":"info","message":"DiscoveryModule dependencies initialized","timestamp":"2026-02-20T15:37:25.526Z"}
{"context":"InstanceLoader","level":"info","message":"ConfigModule dependencies initialized","timestamp":"2026-02-20T15:37:25.526Z"}
{"context":"InstanceLoader","level":"info","message":"ConfigModule dependencies initialized","timestamp":"2026-02-20T15:37:25.526Z"}
{"context":"InstanceLoader","level":"info","message":"ScheduleModule dependencies initialized","timestamp":"2026-02-20T15:37:25.526Z"}
{"context":"S3Service","level":"info","message":"S3 Service initialized","timestamp":"2026-02-20T15:37:25.527Z"}
{"context":"InstanceLoader","level":"info","message":"RedisModule dependencies initialized","timestamp":"2026-02-20T15:37:25.527Z"}
{"context":"InstanceLoader","level":"info","message":"EncryptionModule dependencies initialized","timestamp":"2026-02-20T15:37:25.527Z"}
{"context":"InstanceLoader","level":"info","message":"JwtModule dependencies initialized","timestamp":"2026-02-20T15:37:25.527Z"}
{"context":"InstanceLoader","level":"info","message":"UsersModule dependencies initialized","timestamp":"2026-02-20T15:37:25.527Z"}
{"context":"InstanceLoader","level":"info","message":"DoctorsModule dependencies initialized","timestamp":"2026-02-20T15:37:25.527Z"}
{"context":"InstanceLoader","level":"info","message":"PatientsModule dependencies initialized","timestamp":"2026-02-20T15:37:25.527Z"}
{"context":"InstanceLoader","level":"info","message":"S3Module dependencies initialized","timestamp":"2026-02-20T15:37:25.527Z"}
{"context":"InstanceLoader","level":"info","message":"AuthModule dependencies initialized","timestamp":"2026-02-20T15:37:25.527Z"}
{"context":"RoutesResolver","level":"info","message":"UploadController {/api/v1/upload} (version: 1):","timestamp":"2026-02-20T15:37:25.528Z"}
{"context":"RouterExplorer","level":"info","message":"Mapped {/api/v1/upload/single, POST} (version: 1) route","timestamp":"2026-02-20T15:37:25.528Z"}
{"context":"RouterExplorer","level":"info","message":"Mapped {/api/v1/upload/multiple, POST} (version: 1) route","timestamp":"2026-02-20T15:37:25.528Z"}
{"context":"RoutesResolver","level":"info","message":"AuthController {/api/v1/auth} (version: 1):","timestamp":"2026-02-20T15:37:25.528Z"}
{"context":"RouterExplorer","level":"info","message":"Mapped {/api/v1/auth/register, POST} (version: 1) route","timestamp":"2026-02-20T15:37:25.528Z"}
{"context":"RouterExplorer","level":"info","message":"Mapped {/api/v1/auth/login, POST} (version: 1) route","timestamp":"2026-02-20T15:37:25.528Z"}
{"context":"RouterExplorer","level":"info","message":"Mapped {/api/v1/auth/logout, POST} (version: 1) route","timestamp":"2026-02-20T15:37:25.528Z"}
{"context":"RouterExplorer","level":"info","message":"Mapped {/api/v1/auth/refresh, POST} (version: 1) route","timestamp":"2026-02-20T15:37:25.528Z"}
{"context":"RouterExplorer","level":"info","message":"Mapped {/api/v1/auth/change-password, POST} (version: 1) route","timestamp":"2026-02-20T15:37:25.529Z"}
{"context":"RouterExplorer","level":"info","message":"Mapped {/api/v1/auth/me, GET} (version: 1) route","timestamp":"2026-02-20T15:37:25.529Z"}
{"context":"RouterExplorer","level":"info","message":"Mapped {/api/v1/auth/assign-role, POST} (version: 1) route","timestamp":"2026-02-20T15:37:25.529Z"}
{"context":"RouterExplorer","level":"info","message":"Mapped {/api/v1/auth/create-user, POST} (version: 1) route","timestamp":"2026-02-20T15:37:25.529Z"}
{"context":"RoutesResolver","level":"info","message":"UsersController {/api/v1/users} (version: 1):","timestamp":"2026-02-20T15:37:25.529Z"}
{"context":"RouterExplorer","level":"info","message":"Mapped {/api/v1/users, GET} (version: 1) route","timestamp":"2026-02-20T15:37:25.529Z"}
{"context":"RouterExplorer","level":"info","message":"Mapped {/api/v1/users/doctors, GET} (version: 1) route","timestamp":"2026-02-20T15:37:25.529Z"}
{"context":"RouterExplorer","level":"info","message":"Mapped {/api/v1/users/:id, GET} (version: 1) route","timestamp":"2026-02-20T15:37:25.529Z"}
{"context":"RouterExplorer","level":"info","message":"Mapped {/api/v1/users/profile, PATCH} (version: 1) route","timestamp":"2026-02-20T15:37:25.529Z"}
{"context":"RoutesResolver","level":"info","message":"PatientsController {/api/v1/patients} (version: 1):","timestamp":"2026-02-20T15:37:25.530Z"}
{"context":"RouterExplorer","level":"info","message":"Mapped {/api/v1/patients/:id, GET} (version: 1) route","timestamp":"2026-02-20T15:37:25.530Z"}
{"context":"RoutesResolver","level":"info","message":"DoctorsController {/api/v1/doctors} (version: 1):","timestamp":"2026-02-20T15:37:25.530Z"}
{"context":"RouterExplorer","level":"info","message":"Mapped {/api/v1/doctors/:id/availability, GET} (version: 1) route","timestamp":"2026-02-20T15:37:25.530Z"}
{"context":"RouterExplorer","level":"info","message":"Mapped {/api/v1/doctors/:id/availability, POST} (version: 1) route","timestamp":"2026-02-20T15:37:25.530Z"}
{"context":"RedisService","level":"info","message":"✅ Redis connected successfully","timestamp":"2026-02-20T15:37:25.530Z"}
{"context":"PrismaService","level":"info","message":"✅ Database connected successfully","timestamp":"2026-02-20T15:37:25.530Z"}
{"context":"NestApplication","level":"info","message":"Nest application successfully started","timestamp":"2026-02-20T15:37:25.531Z"}
{"context":"NestFactory","level":"info","message":"Starting Nest application...","timestamp":"2026-02-21T17:48:23.023Z"}
{"context":"InstanceLoader","level":"info","message":"AppModule dependencies initialized","timestamp":"2026-02-21T17:48:23.023Z"}
{"context":"InstanceLoader","level":"info","message":"PrismaModule dependencies initialized","timestamp":"2026-02-21T17:48:23.024Z"}
{"context":"InstanceLoader","level":"info","message":"PassportModule dependencies initialized","timestamp":"2026-02-21T17:48:23.024Z"}
{"context":"InstanceLoader","level":"info","message":"AppointmentsModule dependencies initialized","timestamp":"2026-02-21T17:48:23.024Z"}
{"context":"InstanceLoader","level":"info","message":"PrescriptionsModule dependencies initialized","timestamp":"2026-02-21T17:48:23.024Z"}
{"context":"InstanceLoader","level":"info","message":"LabResultsModule dependencies initialized","timestamp":"2026-02-21T17:48:23.025Z"}
{"context":"InstanceLoader","level":"info","message":"InsuranceModule dependencies initialized","timestamp":"2026-02-21T17:48:23.025Z"}
{"context":"InstanceLoader","level":"info","message":"PaymentsModule dependencies initialized","timestamp":"2026-02-21T17:48:23.025Z"}
{"context":"InstanceLoader","level":"info","message":"NotificationsModule dependencies initialized","timestamp":"2026-02-21T17:48:23.025Z"}
{"context":"InstanceLoader","level":"info","message":"ThrottlerModule dependencies initialized","timestamp":"2026-02-21T17:48:23.026Z"}
{"context":"InstanceLoader","level":"info","message":"ConfigHostModule dependencies initialized","timestamp":"2026-02-21T17:48:23.026Z"}
{"context":"InstanceLoader","level":"info","message":"WinstonModule dependencies initialized","timestamp":"2026-02-21T17:48:23.026Z"}
{"context":"InstanceLoader","level":"info","message":"AuditModule dependencies initialized","timestamp":"2026-02-21T17:48:23.026Z"}
{"context":"InstanceLoader","level":"info","message":"DiscoveryModule dependencies initialized","timestamp":"2026-02-21T17:48:23.026Z"}
{"context":"InstanceLoader","level":"info","message":"ConfigModule dependencies initialized","timestamp":"2026-02-21T17:48:23.026Z"}
{"context":"InstanceLoader","level":"info","message":"ConfigModule dependencies initialized","timestamp":"2026-02-21T17:48:23.027Z"}
{"context":"InstanceLoader","level":"info","message":"ScheduleModule dependencies initialized","timestamp":"2026-02-21T17:48:23.027Z"}
{"context":"S3Service","level":"info","message":"S3 Service initialized","timestamp":"2026-02-21T17:48:23.027Z"}
{"context":"InstanceLoader","level":"info","message":"RedisModule dependencies initialized","timestamp":"2026-02-21T17:48:23.027Z"}
{"context":"InstanceLoader","level":"info","message":"EncryptionModule dependencies initialized","timestamp":"2026-02-21T17:48:23.027Z"}
{"context":"InstanceLoader","level":"info","message":"JwtModule dependencies initialized","timestamp":"2026-02-21T17:48:23.027Z"}
{"context":"InstanceLoader","level":"info","message":"UsersModule dependencies initialized","timestamp":"2026-02-21T17:48:23.027Z"}
{"context":"InstanceLoader","level":"info","message":"DoctorsModule dependencies initialized","timestamp":"2026-02-21T17:48:23.028Z"}
{"context":"InstanceLoader","level":"info","message":"PatientsModule dependencies initialized","timestamp":"2026-02-21T17:48:23.028Z"}
{"context":"InstanceLoader","level":"info","message":"S3Module dependencies initialized","timestamp":"2026-02-21T17:48:23.028Z"}
{"context":"InstanceLoader","level":"info","message":"AuthModule dependencies initialized","timestamp":"2026-02-21T17:48:23.028Z"}
{"context":"RoutesResolver","level":"info","message":"UploadController {/api/v1/upload} (version: 1):","timestamp":"2026-02-21T17:48:23.028Z"}
{"context":"RouterExplorer","level":"info","message":"Mapped {/api/v1/upload/single, POST} (version: 1) route","timestamp":"2026-02-21T17:48:23.028Z"}
{"context":"RouterExplorer","level":"info","message":"Mapped {/api/v1/upload/multiple, POST} (version: 1) route","timestamp":"2026-02-21T17:48:23.029Z"}
{"context":"RoutesResolver","level":"info","message":"AuthController {/api/v1/auth} (version: 1):","timestamp":"2026-02-21T17:48:23.029Z"}
{"context":"RouterExplorer","level":"info","message":"Mapped {/api/v1/auth/register, POST} (version: 1) route","timestamp":"2026-02-21T17:48:23.029Z"}
{"context":"RouterExplorer","level":"info","message":"Mapped {/api/v1/auth/login, POST} (version: 1) route","timestamp":"2026-02-21T17:48:23.029Z"}
{"context":"RouterExplorer","level":"info","message":"Mapped {/api/v1/auth/logout, POST} (version: 1) route","timestamp":"2026-02-21T17:48:23.029Z"}
{"context":"RouterExplorer","level":"info","message":"Mapped {/api/v1/auth/refresh, POST} (version: 1) route","timestamp":"2026-02-21T17:48:23.029Z"}
{"context":"RouterExplorer","level":"info","message":"Mapped {/api/v1/auth/change-password, POST} (version: 1) route","timestamp":"2026-02-21T17:48:23.030Z"}
{"context":"RouterExplorer","level":"info","message":"Mapped {/api/v1/auth/me, GET} (version: 1) route","timestamp":"2026-02-21T17:48:23.030Z"}
{"context":"RouterExplorer","level":"info","message":"Mapped {/api/v1/auth/assign-role, POST} (version: 1) route","timestamp":"2026-02-21T17:48:23.030Z"}
{"context":"RouterExplorer","level":"info","message":"Mapped {/api/v1/auth/create-user, POST} (version: 1) route","timestamp":"2026-02-21T17:48:23.030Z"}
{"context":"RoutesResolver","level":"info","message":"UsersController {/api/v1/users} (version: 1):","timestamp":"2026-02-21T17:48:23.030Z"}
{"context":"RouterExplorer","level":"info","message":"Mapped {/api/v1/users, GET} (version: 1) route","timestamp":"2026-02-21T17:48:23.030Z"}
{"context":"RouterExplorer","level":"info","message":"Mapped {/api/v1/users/doctors, GET} (version: 1) route","timestamp":"2026-02-21T17:48:23.031Z"}
{"context":"RouterExplorer","level":"info","message":"Mapped {/api/v1/users/:id, GET} (version: 1) route","timestamp":"2026-02-21T17:48:23.031Z"}
{"context":"RouterExplorer","level":"info","message":"Mapped {/api/v1/users/profile, PATCH} (version: 1) route","timestamp":"2026-02-21T17:48:23.031Z"}
{"context":"RoutesResolver","level":"info","message":"PatientsController {/api/v1/patients} (version: 1):","timestamp":"2026-02-21T17:48:23.031Z"}
{"context":"RouterExplorer","level":"info","message":"Mapped {/api/v1/patients/:id, GET} (version: 1) route","timestamp":"2026-02-21T17:48:23.031Z"}
{"context":"RoutesResolver","level":"info","message":"DoctorsController {/api/v1/doctors} (version: 1):","timestamp":"2026-02-21T17:48:23.031Z"}
{"context":"RouterExplorer","level":"info","message":"Mapped {/api/v1/doctors/:id/availability, GET} (version: 1) route","timestamp":"2026-02-21T17:48:23.031Z"}
{"context":"RouterExplorer","level":"info","message":"Mapped {/api/v1/doctors/:id/availability, POST} (version: 1) route","timestamp":"2026-02-21T17:48:23.032Z"}
{"context":"RedisService","level":"info","message":"✅ Redis connected successfully","timestamp":"2026-02-21T17:48:23.032Z"}
{"context":"PrismaService","level":"info","message":"✅ Database connected successfully","timestamp":"2026-02-21T17:48:23.032Z"}
{"context":"NestApplication","level":"info","message":"Nest application successfully started","timestamp":"2026-02-21T17:48:23.032Z"}
{"context":"NestFactory","level":"info","message":"Starting Nest application...","timestamp":"2026-02-22T12:23:58.340Z"}
{"context":"InstanceLoader","level":"info","message":"AppModule dependencies initialized","timestamp":"2026-02-22T12:23:58.341Z"}
{"context":"InstanceLoader","level":"info","message":"PrismaModule dependencies initialized","timestamp":"2026-02-22T12:23:58.344Z"}
{"context":"InstanceLoader","level":"info","message":"PassportModule dependencies initialized","timestamp":"2026-02-22T12:23:58.362Z"}
{"context":"InstanceLoader","level":"info","message":"AppointmentsModule dependencies initialized","timestamp":"2026-02-22T12:23:58.371Z"}
{"context":"InstanceLoader","level":"info","message":"PrescriptionsModule dependencies initialized","timestamp":"2026-02-22T12:23:58.382Z"}
{"context":"InstanceLoader","level":"info","message":"LabResultsModule dependencies initialized","timestamp":"2026-02-22T12:23:58.397Z"}
{"context":"InstanceLoader","level":"info","message":"InsuranceModule dependencies initialized","timestamp":"2026-02-22T12:23:58.398Z"}
{"context":"InstanceLoader","level":"info","message":"PaymentsModule dependencies initialized","timestamp":"2026-02-22T12:23:58.399Z"}
{"context":"InstanceLoader","level":"info","message":"NotificationsModule dependencies initialized","timestamp":"2026-02-22T12:23:58.400Z"}
{"context":"InstanceLoader","level":"info","message":"ThrottlerModule dependencies initialized","timestamp":"2026-02-22T12:23:58.401Z"}
{"context":"InstanceLoader","level":"info","message":"ConfigHostModule dependencies initialized","timestamp":"2026-02-22T12:23:58.401Z"}
{"context":"InstanceLoader","level":"info","message":"WinstonModule dependencies initialized","timestamp":"2026-02-22T12:23:58.401Z"}
{"context":"InstanceLoader","level":"info","message":"AuditModule dependencies initialized","timestamp":"2026-02-22T12:23:58.401Z"}
{"context":"InstanceLoader","level":"info","message":"DiscoveryModule dependencies initialized","timestamp":"2026-02-22T12:23:58.401Z"}
{"context":"InstanceLoader","level":"info","message":"ConfigModule dependencies initialized","timestamp":"2026-02-22T12:23:58.402Z"}
{"context":"InstanceLoader","level":"info","message":"ConfigModule dependencies initialized","timestamp":"2026-02-22T12:23:58.402Z"}
{"context":"InstanceLoader","level":"info","message":"ScheduleModule dependencies initialized","timestamp":"2026-02-22T12:23:58.402Z"}
{"context":"S3Service","level":"info","message":"S3 Service initialized","timestamp":"2026-02-22T12:23:58.403Z"}
{"context":"InstanceLoader","level":"info","message":"RedisModule dependencies initialized","timestamp":"2026-02-22T12:23:58.403Z"}
{"context":"InstanceLoader","level":"info","message":"EncryptionModule dependencies initialized","timestamp":"2026-02-22T12:23:58.403Z"}
{"context":"InstanceLoader","level":"info","message":"JwtModule dependencies initialized","timestamp":"2026-02-22T12:23:58.403Z"}
{"context":"InstanceLoader","level":"info","message":"UsersModule dependencies initialized","timestamp":"2026-02-22T12:23:58.403Z"}
{"context":"InstanceLoader","level":"info","message":"DoctorsModule dependencies initialized","timestamp":"2026-02-22T12:23:58.403Z"}
{"context":"InstanceLoader","level":"info","message":"PatientsModule dependencies initialized","timestamp":"2026-02-22T12:23:58.403Z"}
{"context":"InstanceLoader","level":"info","message":"S3Module dependencies initialized","timestamp":"2026-02-22T12:23:58.404Z"}
{"context":"InstanceLoader","level":"info","message":"AuthModule dependencies initialized","timestamp":"2026-02-22T12:23:58.404Z"}
{"context":"RoutesResolver","level":"info","message":"UploadController {/api/v1/upload} (version: 1):","timestamp":"2026-02-22T12:23:58.404Z"}
{"context":"RouterExplorer","level":"info","message":"Mapped {/api/v1/upload/single, POST} (version: 1) route","timestamp":"2026-02-22T12:23:58.404Z"}
{"context":"RouterExplorer","level":"info","message":"Mapped {/api/v1/upload/multiple, POST} (version: 1) route","timestamp":"2026-02-22T12:23:58.404Z"}
{"context":"RoutesResolver","level":"info","message":"AuthController {/api/v1/auth} (version: 1):","timestamp":"2026-02-22T12:23:58.404Z"}
{"context":"RouterExplorer","level":"info","message":"Mapped {/api/v1/auth/register, POST} (version: 1) route","timestamp":"2026-02-22T12:23:58.405Z"}
{"context":"RouterExplorer","level":"info","message":"Mapped {/api/v1/auth/login, POST} (version: 1) route","timestamp":"2026-02-22T12:23:58.405Z"}
{"context":"RouterExplorer","level":"info","message":"Mapped {/api/v1/auth/logout, POST} (version: 1) route","timestamp":"2026-02-22T12:23:58.405Z"}
{"context":"RouterExplorer","level":"info","message":"Mapped {/api/v1/auth/refresh, POST} (version: 1) route","timestamp":"2026-02-22T12:23:58.405Z"}
{"context":"RouterExplorer","level":"info","message":"Mapped {/api/v1/auth/change-password, POST} (version: 1) route","timestamp":"2026-02-22T12:23:58.405Z"}
{"context":"RouterExplorer","level":"info","message":"Mapped {/api/v1/auth/me, GET} (version: 1) route","timestamp":"2026-02-22T12:23:58.405Z"}
{"context":"RouterExplorer","level":"info","message":"Mapped {/api/v1/auth/assign-role, POST} (version: 1) route","timestamp":"2026-02-22T12:23:58.406Z"}
{"context":"RouterExplorer","level":"info","message":"Mapped {/api/v1/auth/create-user, POST} (version: 1) route","timestamp":"2026-02-22T12:23:58.406Z"}
{"context":"RoutesResolver","level":"info","message":"UsersController {/api/v1/users} (version: 1):","timestamp":"2026-02-22T12:23:58.406Z"}
{"context":"RouterExplorer","level":"info","message":"Mapped {/api/v1/users, GET} (version: 1) route","timestamp":"2026-02-22T12:23:58.406Z"}
{"context":"RouterExplorer","level":"info","message":"Mapped {/api/v1/users/doctors, GET} (version: 1) route","timestamp":"2026-02-22T12:23:58.406Z"}
{"context":"RouterExplorer","level":"info","message":"Mapped {/api/v1/users/:id, GET} (version: 1) route","timestamp":"2026-02-22T12:23:58.406Z"}
{"context":"RouterExplorer","level":"info","message":"Mapped {/api/v1/users/profile, PATCH} (version: 1) route","timestamp":"2026-02-22T12:23:58.406Z"}
{"context":"RoutesResolver","level":"info","message":"PatientsController {/api/v1/patients} (version: 1):","timestamp":"2026-02-22T12:23:58.407Z"}
{"context":"RouterExplorer","level":"info","message":"Mapped {/api/v1/patients/:id, GET} (version: 1) route","timestamp":"2026-02-22T12:23:58.407Z"}
{"context":"RoutesResolver","level":"info","message":"DoctorsController {/api/v1/doctors} (version: 1):","timestamp":"2026-02-22T12:23:58.407Z"}
{"context":"RouterExplorer","level":"info","message":"Mapped {/api/v1/doctors/:id/availability, GET} (version: 1) route","timestamp":"2026-02-22T12:23:58.407Z"}
{"context":"RouterExplorer","level":"info","message":"Mapped {/api/v1/doctors/:id/availability, POST} (version: 1) route","timestamp":"2026-02-22T12:23:58.407Z"}
{"context":"RedisService","level":"info","message":"✅ Redis connected successfully","timestamp":"2026-02-22T12:23:58.408Z"}
{"context":"PrismaService","level":"info","message":"✅ Database connected successfully","timestamp":"2026-02-22T12:23:58.408Z"}
{"context":"NestApplication","level":"info","message":"Nest application successfully started","timestamp":"2026-02-22T12:23:58.408Z"}
{"context":"AuthService","level":"info","message":"User logged in: tahmid@gamil.com","timestamp":"2026-02-22T12:38:47.109Z"}
{"context":"NestFactory","level":"info","message":"Starting Nest application...","timestamp":"2026-02-23T05:01:45.158Z"}
{"context":"InstanceLoader","level":"info","message":"AppModule dependencies initialized","timestamp":"2026-02-23T05:01:45.158Z"}
{"context":"InstanceLoader","level":"info","message":"PrismaModule dependencies initialized","timestamp":"2026-02-23T05:01:45.159Z"}
{"context":"InstanceLoader","level":"info","message":"PassportModule dependencies initialized","timestamp":"2026-02-23T05:01:45.159Z"}
{"context":"InstanceLoader","level":"info","message":"AppointmentsModule dependencies initialized","timestamp":"2026-02-23T05:01:45.159Z"}
{"context":"InstanceLoader","level":"info","message":"PrescriptionsModule dependencies initialized","timestamp":"2026-02-23T05:01:45.159Z"}
{"context":"InstanceLoader","level":"info","message":"LabResultsModule dependencies initialized","timestamp":"2026-02-23T05:01:45.160Z"}
{"context":"InstanceLoader","level":"info","message":"InsuranceModule dependencies initialized","timestamp":"2026-02-23T05:01:45.160Z"}
{"context":"InstanceLoader","level":"info","message":"PaymentsModule dependencies initialized","timestamp":"2026-02-23T05:01:45.160Z"}
{"context":"InstanceLoader","level":"info","message":"NotificationsModule dependencies initialized","timestamp":"2026-02-23T05:01:45.160Z"}
{"context":"InstanceLoader","level":"info","message":"ThrottlerModule dependencies initialized","timestamp":"2026-02-23T05:01:45.161Z"}
{"context":"InstanceLoader","level":"info","message":"ConfigHostModule dependencies initialized","timestamp":"2026-02-23T05:01:45.161Z"}
{"context":"InstanceLoader","level":"info","message":"WinstonModule dependencies initialized","timestamp":"2026-02-23T05:01:45.161Z"}
{"context":"InstanceLoader","level":"info","message":"AuditModule dependencies initialized","timestamp":"2026-02-23T05:01:45.161Z"}
{"context":"InstanceLoader","level":"info","message":"DiscoveryModule dependencies initialized","timestamp":"2026-02-23T05:01:45.161Z"}
{"context":"InstanceLoader","level":"info","message":"ConfigModule dependencies initialized","timestamp":"2026-02-23T05:01:45.161Z"}
{"context":"InstanceLoader","level":"info","message":"ConfigModule dependencies initialized","timestamp":"2026-02-23T05:01:45.162Z"}
{"context":"InstanceLoader","level":"info","message":"ScheduleModule dependencies initialized","timestamp":"2026-02-23T05:01:45.162Z"}
{"context":"S3Service","level":"info","message":"S3 Service initialized","timestamp":"2026-02-23T05:01:45.162Z"}
{"context":"InstanceLoader","level":"info","message":"RedisModule dependencies initialized","timestamp":"2026-02-23T05:01:45.162Z"}
{"context":"InstanceLoader","level":"info","message":"EncryptionModule dependencies initialized","timestamp":"2026-02-23T05:01:45.162Z"}
{"context":"InstanceLoader","level":"info","message":"JwtModule dependencies initialized","timestamp":"2026-02-23T05:01:45.162Z"}
{"context":"InstanceLoader","level":"info","message":"UsersModule dependencies initialized","timestamp":"2026-02-23T05:01:45.163Z"}
{"context":"InstanceLoader","level":"info","message":"DoctorsModule dependencies initialized","timestamp":"2026-02-23T05:01:45.163Z"}
{"context":"InstanceLoader","level":"info","message":"PatientsModule dependencies initialized","timestamp":"2026-02-23T05:01:45.163Z"}
{"context":"InstanceLoader","level":"info","message":"S3Module dependencies initialized","timestamp":"2026-02-23T05:01:45.163Z"}
{"context":"InstanceLoader","level":"info","message":"AuthModule dependencies initialized","timestamp":"2026-02-23T05:01:45.163Z"}
{"context":"RoutesResolver","level":"info","message":"UploadController {/api/v1/upload} (version: 1):","timestamp":"2026-02-23T05:01:45.163Z"}
{"context":"RouterExplorer","level":"info","message":"Mapped {/api/v1/upload/single, POST} (version: 1) route","timestamp":"2026-02-23T05:01:45.163Z"}
{"context":"RouterExplorer","level":"info","message":"Mapped {/api/v1/upload/multiple, POST} (version: 1) route","timestamp":"2026-02-23T05:01:45.164Z"}
{"context":"RoutesResolver","level":"info","message":"AuthController {/api/v1/auth} (version: 1):","timestamp":"2026-02-23T05:01:45.164Z"}
{"context":"RouterExplorer","level":"info","message":"Mapped {/api/v1/auth/register, POST} (version: 1) route","timestamp":"2026-02-23T05:01:45.164Z"}
{"context":"RouterExplorer","level":"info","message":"Mapped {/api/v1/auth/login, POST} (version: 1) route","timestamp":"2026-02-23T05:01:45.164Z"}
{"context":"RouterExplorer","level":"info","message":"Mapped {/api/v1/auth/logout, POST} (version: 1) route","timestamp":"2026-02-23T05:01:45.164Z"}
{"context":"RouterExplorer","level":"info","message":"Mapped {/api/v1/auth/refresh, POST} (version: 1) route","timestamp":"2026-02-23T05:01:45.164Z"}
{"context":"RouterExplorer","level":"info","message":"Mapped {/api/v1/auth/change-password, POST} (version: 1) route","timestamp":"2026-02-23T05:01:45.164Z"}
{"context":"RouterExplorer","level":"info","message":"Mapped {/api/v1/auth/me, GET} (version: 1) route","timestamp":"2026-02-23T05:01:45.165Z"}
{"context":"RouterExplorer","level":"info","message":"Mapped {/api/v1/auth/assign-role, POST} (version: 1) route","timestamp":"2026-02-23T05:01:45.165Z"}
{"context":"RouterExplorer","level":"info","message":"Mapped {/api/v1/auth/create-user, POST} (version: 1) route","timestamp":"2026-02-23T05:01:45.165Z"}
{"context":"RoutesResolver","level":"info","message":"UsersController {/api/v1/users} (version: 1):","timestamp":"2026-02-23T05:01:45.165Z"}
{"context":"RouterExplorer","level":"info","message":"Mapped {/api/v1/users, GET} (version: 1) route","timestamp":"2026-02-23T05:01:45.165Z"}
{"context":"RouterExplorer","level":"info","message":"Mapped {/api/v1/users/doctors, GET} (version: 1) route","timestamp":"2026-02-23T05:01:45.165Z"}
{"context":"RouterExplorer","level":"info","message":"Mapped {/api/v1/users/:id, GET} (version: 1) route","timestamp":"2026-02-23T05:01:45.166Z"}
{"context":"RouterExplorer","level":"info","message":"Mapped {/api/v1/users/profile, PATCH} (version: 1) route","timestamp":"2026-02-23T05:01:45.166Z"}
{"context":"RoutesResolver","level":"info","message":"PatientsController {/api/v1/patients} (version: 1):","timestamp":"2026-02-23T05:01:45.166Z"}
{"context":"RouterExplorer","level":"info","message":"Mapped {/api/v1/patients/:id, GET} (version: 1) route","timestamp":"2026-02-23T05:01:45.166Z"}
{"context":"RoutesResolver","level":"info","message":"DoctorsController {/api/v1/doctors} (version: 1):","timestamp":"2026-02-23T05:01:45.166Z"}
{"context":"RouterExplorer","level":"info","message":"Mapped {/api/v1/doctors/:id/availability, GET} (version: 1) route","timestamp":"2026-02-23T05:01:45.166Z"}
{"context":"RouterExplorer","level":"info","message":"Mapped {/api/v1/doctors/:id/availability, POST} (version: 1) route","timestamp":"2026-02-23T05:01:45.166Z"}
{"context":"RedisService","level":"info","message":"✅ Redis connected successfully","timestamp":"2026-02-23T05:01:45.167Z"}
{"context":"PrismaService","level":"info","message":"✅ Database connected successfully","timestamp":"2026-02-23T05:01:45.167Z"}
{"context":"NestApplication","level":"info","message":"Nest application successfully started","timestamp":"2026-02-23T05:01:45.167Z"}
{"context":"NestFactory","level":"info","message":"Starting Nest application...","timestamp":"2026-02-23T09:52:28.895Z"}
{"context":"InstanceLoader","level":"info","message":"AppModule dependencies initialized","timestamp":"2026-02-23T09:52:28.895Z"}
{"context":"InstanceLoader","level":"info","message":"PrismaModule dependencies initialized","timestamp":"2026-02-23T09:52:28.895Z"}
{"context":"InstanceLoader","level":"info","message":"PassportModule dependencies initialized","timestamp":"2026-02-23T09:52:28.896Z"}
{"context":"InstanceLoader","level":"info","message":"AppointmentsModule dependencies initialized","timestamp":"2026-02-23T09:52:28.896Z"}
{"context":"InstanceLoader","level":"info","message":"PrescriptionsModule dependencies initialized","timestamp":"2026-02-23T09:52:28.896Z"}
{"context":"InstanceLoader","level":"info","message":"LabResultsModule dependencies initialized","timestamp":"2026-02-23T09:52:28.896Z"}
{"context":"InstanceLoader","level":"info","message":"InsuranceModule dependencies initialized","timestamp":"2026-02-23T09:52:28.896Z"}
{"context":"InstanceLoader","level":"info","message":"PaymentsModule dependencies initialized","timestamp":"2026-02-23T09:52:28.896Z"}
{"context":"InstanceLoader","level":"info","message":"NotificationsModule dependencies initialized","timestamp":"2026-02-23T09:52:28.897Z"}
{"context":"InstanceLoader","level":"info","message":"ThrottlerModule dependencies initialized","timestamp":"2026-02-23T09:52:28.897Z"}
{"context":"InstanceLoader","level":"info","message":"ConfigHostModule dependencies initialized","timestamp":"2026-02-23T09:52:28.897Z"}
{"context":"InstanceLoader","level":"info","message":"WinstonModule dependencies initialized","timestamp":"2026-02-23T09:52:28.897Z"}
{"context":"InstanceLoader","level":"info","message":"AuditModule dependencies initialized","timestamp":"2026-02-23T09:52:28.897Z"}
{"context":"InstanceLoader","level":"info","message":"DiscoveryModule dependencies initialized","timestamp":"2026-02-23T09:52:28.897Z"}
{"context":"InstanceLoader","level":"info","message":"ConfigModule dependencies initialized","timestamp":"2026-02-23T09:52:28.897Z"}
{"context":"InstanceLoader","level":"info","message":"ConfigModule dependencies initialized","timestamp":"2026-02-23T09:52:28.898Z"}
{"context":"InstanceLoader","level":"info","message":"ScheduleModule dependencies initialized","timestamp":"2026-02-23T09:52:28.898Z"}
{"context":"S3Service","level":"info","message":"S3 Service initialized","timestamp":"2026-02-23T09:52:28.898Z"}
{"context":"InstanceLoader","level":"info","message":"RedisModule dependencies initialized","timestamp":"2026-02-23T09:52:28.898Z"}
{"context":"InstanceLoader","level":"info","message":"EncryptionModule dependencies initialized","timestamp":"2026-02-23T09:52:28.898Z"}
{"context":"InstanceLoader","level":"info","message":"JwtModule dependencies initialized","timestamp":"2026-02-23T09:52:28.898Z"}
{"context":"InstanceLoader","level":"info","message":"UsersModule dependencies initialized","timestamp":"2026-02-23T09:52:28.898Z"}
{"context":"InstanceLoader","level":"info","message":"DoctorsModule dependencies initialized","timestamp":"2026-02-23T09:52:28.898Z"}
{"context":"InstanceLoader","level":"info","message":"PatientsModule dependencies initialized","timestamp":"2026-02-23T09:52:28.898Z"}
{"context":"InstanceLoader","level":"info","message":"S3Module dependencies initialized","timestamp":"2026-02-23T09:52:28.899Z"}
{"context":"InstanceLoader","level":"info","message":"AuthModule dependencies initialized","timestamp":"2026-02-23T09:52:28.899Z"}
{"context":"RoutesResolver","level":"info","message":"UploadController {/api/v1/upload} (version: 1):","timestamp":"2026-02-23T09:52:28.899Z"}
{"context":"RouterExplorer","level":"info","message":"Mapped {/api/v1/upload/single, POST} (version: 1) route","timestamp":"2026-02-23T09:52:28.899Z"}
{"context":"RouterExplorer","level":"info","message":"Mapped {/api/v1/upload/multiple, POST} (version: 1) route","timestamp":"2026-02-23T09:52:28.899Z"}
{"context":"RoutesResolver","level":"info","message":"AuthController {/api/v1/auth} (version: 1):","timestamp":"2026-02-23T09:52:28.899Z"}
{"context":"RouterExplorer","level":"info","message":"Mapped {/api/v1/auth/register, POST} (version: 1) route","timestamp":"2026-02-23T09:52:28.899Z"}
{"context":"RouterExplorer","level":"info","message":"Mapped {/api/v1/auth/login, POST} (version: 1) route","timestamp":"2026-02-23T09:52:28.899Z"}
{"context":"RouterExplorer","level":"info","message":"Mapped {/api/v1/auth/logout, POST} (version: 1) route","timestamp":"2026-02-23T09:52:28.900Z"}
{"context":"RouterExplorer","level":"info","message":"Mapped {/api/v1/auth/refresh, POST} (version: 1) route","timestamp":"2026-02-23T09:52:28.900Z"}
{"context":"RouterExplorer","level":"info","message":"Mapped {/api/v1/auth/change-password, POST} (version: 1) route","timestamp":"2026-02-23T09:52:28.900Z"}
{"context":"RouterExplorer","level":"info","message":"Mapped {/api/v1/auth/me, GET} (version: 1) route","timestamp":"2026-02-23T09:52:28.900Z"}
{"context":"RouterExplorer","level":"info","message":"Mapped {/api/v1/auth/assign-role, POST} (version: 1) route","timestamp":"2026-02-23T09:52:28.900Z"}
{"context":"RouterExplorer","level":"info","message":"Mapped {/api/v1/auth/create-user, POST} (version: 1) route","timestamp":"2026-02-23T09:52:28.900Z"}
{"context":"RoutesResolver","level":"info","message":"UsersController {/api/v1/users} (version: 1):","timestamp":"2026-02-23T09:52:28.900Z"}
{"context":"RouterExplorer","level":"info","message":"Mapped {/api/v1/users, GET} (version: 1) route","timestamp":"2026-02-23T09:52:28.901Z"}
{"context":"RouterExplorer","level":"info","message":"Mapped {/api/v1/users/doctors, GET} (version: 1) route","timestamp":"2026-02-23T09:52:28.901Z"}
{"context":"RouterExplorer","level":"info","message":"Mapped {/api/v1/users/:id, GET} (version: 1) route","timestamp":"2026-02-23T09:52:28.901Z"}
{"context":"RouterExplorer","level":"info","message":"Mapped {/api/v1/users/profile, PATCH} (version: 1) route","timestamp":"2026-02-23T09:52:28.901Z"}
{"context":"RoutesResolver","level":"info","message":"PatientsController {/api/v1/patients} (version: 1):","timestamp":"2026-02-23T09:52:28.901Z"}
{"context":"RouterExplorer","level":"info","message":"Mapped {/api/v1/patients/:id, GET} (version: 1) route","timestamp":"2026-02-23T09:52:28.901Z"}
{"context":"RoutesResolver","level":"info","message":"DoctorsController {/api/v1/doctors} (version: 1):","timestamp":"2026-02-23T09:52:28.901Z"}
{"context":"RouterExplorer","level":"info","message":"Mapped {/api/v1/doctors/:id/availability, GET} (version: 1) route","timestamp":"2026-02-23T09:52:28.901Z"}
{"context":"RouterExplorer","level":"info","message":"Mapped {/api/v1/doctors/:id/availability, POST} (version: 1) route","timestamp":"2026-02-23T09:52:28.902Z"}
{"context":"RedisService","level":"info","message":"✅ Redis connected successfully","timestamp":"2026-02-23T09:52:28.902Z"}
{"context":"PrismaService","level":"info","message":"✅ Database connected successfully","timestamp":"2026-02-23T09:52:28.902Z"}
{"context":"NestApplication","level":"info","message":"Nest application successfully started","timestamp":"2026-02-23T09:52:28.902Z"}
